{
  "RSpec": {
    "coverage": {
      "/Users/shawnbroukhim/dev/quick_shark/app/models/journey.rb": [
        1,
        1,
        1,
        null
      ],
      "/Users/shawnbroukhim/dev/quick_shark/spec/models/topic_spec.rb": [
        1,
        null,
        1,
        2,
        null,
        null
      ],
      "/Users/shawnbroukhim/dev/quick_shark/app/models/topic.rb": [
        1,
        1,
        null,
        null,
        null,
        null,
        null,
        null
      ],
      "/Users/shawnbroukhim/dev/quick_shark/spec/models/user_spec.rb": [
        1,
        null,
        1,
        1,
        4,
        null,
        2,
        2,
        2,
        2,
        null,
        null
      ],
      "/Users/shawnbroukhim/dev/quick_shark/app/models/user.rb": [
        1,
        1,
        1,
        1,
        1,
        null
      ]
    },
    "timestamp": 1395598539
  }
}
